<?xml version="1.0" encoding="UTF-8"?>
<!-- Generated by org.testng.reporters.JUnitReportReporter -->
<testsuite hostname="PC27" failures="0" tests="7" name="entornosoperaciones.EntornosOperacionesNGTest" time="0.017" errors="0" timestamp="19 may 2023 11:18:59 GMT" skipped="0">
  <testcase classname="entornosoperaciones.EntornosOperacionesNGTest" name="testGetIndiceEquivocadoDe" time="0.001"/>
  <testcase classname="entornosoperaciones.EntornosOperacionesNGTest" name="testGetIndiceDe" time="0.000"/>
  <testcase classname="entornosoperaciones.EntornosOperacionesNGTest" name="testGetSuma" time="0.000"/>
  <testcase classname="entornosoperaciones.EntornosOperacionesNGTest" name="testGetMinimo" time="0.000"/>
  <testcase classname="entornosoperaciones.EntornosOperacionesNGTest" name="testGetMaximo" time="0.016"/>
  <testcase classname="entornosoperaciones.EntornosOperacionesNGTest" name="testCrearMatrizNula" time="0.000"/>
  <testcase classname="entornosoperaciones.EntornosOperacionesNGTest" name="testCrearMatrizVacia" time="0.000"/>
</testsuite> <!-- entornosoperaciones.EntornosOperacionesNGTest -->
